SF:lib/service/api_service.dart
DA:8,0
DA:13,0
DA:15,0
DA:16,0
DA:17,0
LF:5
LH:0
end_of_record
SF:lib/data/posts.dart
DA:3,0
LF:1
LH:0
end_of_record
SF:lib/models/post.dart
DA:10,2
DA:13,0
DA:15,0
DA:18,0
DA:19,0
DA:20,0
DA:21,0
DA:24,0
DA:25,0
DA:26,0
DA:27,0
DA:30,0
DA:35,0
DA:36,0
DA:37,0
DA:38,0
DA:42,0
DA:45,0
DA:46,0
DA:47,0
DA:50,0
DA:51,0
LF:22
LH:1
end_of_record
SF:lib/home_screen.dart
DA:6,1
DA:7,1
DA:10,1
DA:11,2
DA:17,4
DA:18,4
DA:20,3
DA:23,0
DA:25,1
DA:26,2
DA:29,1
DA:30,1
DA:32,1
DA:35,1
DA:36,1
DA:39,1
DA:40,1
DA:42,0
DA:46,0
DA:50,0
DA:52,0
DA:54,0
DA:55,0
DA:56,0
DA:58,0
DA:59,0
DA:63,0
DA:64,0
DA:66,0
DA:67,0
DA:70,0
DA:71,0
DA:72,0
DA:73,0
DA:76,0
DA:78,0
DA:79,0
DA:80,0
DA:83,0
DA:84,0
DA:89,0
DA:92,0
DA:93,0
DA:94,0
DA:95,0
LF:45
LH:16
end_of_record
SF:lib/post_screen.dart
DA:6,0
DA:9,2
DA:13,0
DA:14,0
DA:19,0
DA:20,0
DA:21,0
DA:23,0
DA:26,0
DA:28,0
DA:32,0
DA:33,0
DA:36,0
DA:37,0
DA:38,0
DA:40,0
DA:43,0
DA:45,0
DA:49,0
DA:50,0
DA:52,0
DA:55,0
DA:57,0
DA:62,0
DA:64,0
DA:65,0
DA:66,0
DA:67,0
DA:69,0
DA:70,0
DA:71,0
DA:75,0
DA:76,0
DA:77,0
DA:78,0
DA:80,0
DA:81,0
DA:82,0
DA:85,0
DA:86,0
DA:87,0
DA:88,0
DA:89,0
DA:90,0
DA:92,0
LF:45
LH:1
end_of_record
SF:lib/quiz_screen.dart
DA:4,1
DA:11,1
DA:13,1
DA:14,1
DA:15,1
DA:16,1
DA:18,1
DA:19,3
DA:20,3
DA:22,6
DA:23,1
DA:24,1
DA:26,1
DA:27,1
DA:28,1
DA:29,2
DA:33,2
DA:34,3
DA:37,1
DA:38,3
DA:39,1
DA:44,1
DA:45,2
DA:46,1
DA:47,1
DA:48,1
DA:50,2
DA:52,1
DA:54,1
DA:85,1
DA:87,2
DA:89,2
LF:32
LH:32
end_of_record
SF:lib/widgets/message_widget.dart
DA:4,1
DA:8,1
DA:10,1
DA:12,1
DA:13,2
LF:5
LH:5
end_of_record
